<?xml version="1.0" encoding="UTF-8"?>
<testng-results skipped="1" failed="2" total="3" passed="0">
  <reporter-output>
    <line>
      <![CDATA[STEP1]]>
    </line>
    <line>
      <![CDATA[STEP2]]>
    </line>
    <line>
      <![CDATA[STEP3]]>
    </line>
  </reporter-output>
  <suite name="Somke" duration-ms="7328" started-at="2017-07-23T08:00:14Z" finished-at="2017-07-23T08:00:21Z">
    <groups>
    </groups>
    <test name="Sanity1" duration-ms="2987" started-at="2017-07-23T08:00:14Z" finished-at="2017-07-23T08:00:17Z">
      <class name="com.script.ToastMessage">
        <test-method status="PASS" signature="setup(java.lang.String, java.lang.String, java.lang.String, java.lang.String)[pri:0, instance:com.script.ToastMessage@27efef64]" name="setup" is-config="true" duration-ms="2258" started-at="2017-07-23T13:30:14Z" finished-at="2017-07-23T13:30:16Z">
          <params>
            <param index="0">
              <value>
                <![CDATA[4723]]>
              </value>
            </param>
            <param index="1">
              <value>
                <![CDATA[ba0bfc7a]]>
              </value>
            </param>
            <param index="2">
              <value>
                <![CDATA[5.1.1]]>
              </value>
            </param>
            <param index="3">
              <value>
                <![CDATA[ba0bfc7a]]>
              </value>
            </param>
          </params>
          <reporter-output>
          </reporter-output>
        </test-method> <!-- setup -->
        <test-method status="FAIL" signature="verifYToastMessage()[pri:1, instance:com.script.ToastMessage@27efef64]" name="verifYToastMessage" duration-ms="706" started-at="2017-07-23T13:30:16Z" description="Login to abof application and verify the tOAST MEESAGE" finished-at="2017-07-23T13:30:17Z">
          <exception class="java.lang.NullPointerException">
            <full-stacktrace>
              <![CDATA[java.lang.NullPointerException
	at org.openqa.selenium.support.pagefactory.DefaultElementLocator.findElement(DefaultElementLocator.java:69)
	at org.openqa.selenium.support.pagefactory.internal.LocatingElementHandler.invoke(LocatingElementHandler.java:38)
	at com.sun.proxy.$Proxy6.sendKeys(Unknown Source)
	at com.script.ToastMessage.verifYToastMessage(ToastMessage.java:25)
	at sun.reflect.NativeMethodAccessorImpl.invoke0(Native Method)
	at sun.reflect.NativeMethodAccessorImpl.invoke(NativeMethodAccessorImpl.java:62)
	at sun.reflect.DelegatingMethodAccessorImpl.invoke(DelegatingMethodAccessorImpl.java:43)
	at java.lang.reflect.Method.invoke(Method.java:498)
	at org.testng.internal.MethodInvocationHelper.invokeMethod(MethodInvocationHelper.java:85)
	at org.testng.internal.Invoker.invokeMethod(Invoker.java:639)
	at org.testng.internal.Invoker.invokeTestMethod(Invoker.java:816)
	at org.testng.internal.Invoker.invokeTestMethods(Invoker.java:1124)
	at org.testng.internal.TestMethodWorker.invokeTestMethods(TestMethodWorker.java:125)
	at org.testng.internal.TestMethodWorker.run(TestMethodWorker.java:108)
	at org.testng.TestRunner.privateRun(TestRunner.java:774)
	at org.testng.TestRunner.run(TestRunner.java:624)
	at org.testng.SuiteRunner.runTest(SuiteRunner.java:359)
	at org.testng.SuiteRunner.access$000(SuiteRunner.java:39)
	at org.testng.SuiteRunner$SuiteWorker.run(SuiteRunner.java:393)
	at org.testng.internal.thread.ThreadUtil$2.call(ThreadUtil.java:64)
	at java.util.concurrent.FutureTask.run(FutureTask.java:266)
	at java.util.concurrent.ThreadPoolExecutor.runWorker(ThreadPoolExecutor.java:1142)
	at java.util.concurrent.ThreadPoolExecutor$Worker.run(ThreadPoolExecutor.java:617)
	at java.lang.Thread.run(Thread.java:748)
]]>
            </full-stacktrace>
          </exception> <!-- java.lang.NullPointerException -->
          <reporter-output>
            <line>
              <![CDATA[STEP1]]>
            </line>
          </reporter-output>
        </test-method> <!-- verifYToastMessage -->
        <test-method status="FAIL" signature="teardown()[pri:0, instance:com.script.ToastMessage@27efef64]" name="teardown" is-config="true" duration-ms="0" started-at="2017-07-23T13:30:17Z" finished-at="2017-07-23T13:30:17Z">
          <exception class="java.lang.NullPointerException">
            <full-stacktrace>
              <![CDATA[java.lang.NullPointerException
	at com.libarary.BaseClass.teardown(BaseClass.java:82)
	at sun.reflect.NativeMethodAccessorImpl.invoke0(Native Method)
	at sun.reflect.NativeMethodAccessorImpl.invoke(NativeMethodAccessorImpl.java:62)
	at sun.reflect.DelegatingMethodAccessorImpl.invoke(DelegatingMethodAccessorImpl.java:43)
	at java.lang.reflect.Method.invoke(Method.java:498)
	at org.testng.internal.MethodInvocationHelper.invokeMethod(MethodInvocationHelper.java:85)
	at org.testng.internal.Invoker.invokeConfigurationMethod(Invoker.java:510)
	at org.testng.internal.Invoker.invokeConfigurations(Invoker.java:211)
	at org.testng.internal.Invoker.invokeMethod(Invoker.java:703)
	at org.testng.internal.Invoker.invokeTestMethod(Invoker.java:816)
	at org.testng.internal.Invoker.invokeTestMethods(Invoker.java:1124)
	at org.testng.internal.TestMethodWorker.invokeTestMethods(TestMethodWorker.java:125)
	at org.testng.internal.TestMethodWorker.run(TestMethodWorker.java:108)
	at org.testng.TestRunner.privateRun(TestRunner.java:774)
	at org.testng.TestRunner.run(TestRunner.java:624)
	at org.testng.SuiteRunner.runTest(SuiteRunner.java:359)
	at org.testng.SuiteRunner.access$000(SuiteRunner.java:39)
	at org.testng.SuiteRunner$SuiteWorker.run(SuiteRunner.java:393)
	at org.testng.internal.thread.ThreadUtil$2.call(ThreadUtil.java:64)
	at java.util.concurrent.FutureTask.run(FutureTask.java:266)
	at java.util.concurrent.ThreadPoolExecutor.runWorker(ThreadPoolExecutor.java:1142)
	at java.util.concurrent.ThreadPoolExecutor$Worker.run(ThreadPoolExecutor.java:617)
	at java.lang.Thread.run(Thread.java:748)
]]>
            </full-stacktrace>
          </exception> <!-- java.lang.NullPointerException -->
          <reporter-output>
          </reporter-output>
        </test-method> <!-- teardown -->
      </class> <!-- com.script.ToastMessage -->
    </test> <!-- Sanity1 -->
    <test name="Sanity2" duration-ms="7328" started-at="2017-07-23T08:00:14Z" finished-at="2017-07-23T08:00:21Z">
      <class name="com.script.ToastMessage">
        <test-method status="SKIP" signature="setup(java.lang.String, java.lang.String, java.lang.String, java.lang.String)[pri:0, instance:com.script.ToastMessage@343f4d3d]" name="setup" is-config="true" duration-ms="0" started-at="2017-07-23T13:30:21Z" finished-at="2017-07-23T13:30:21Z">
          <reporter-output>
          </reporter-output>
        </test-method> <!-- setup -->
        <test-method status="SKIP" signature="verifYToastMessage()[pri:1, instance:com.script.ToastMessage@343f4d3d]" name="verifYToastMessage" duration-ms="5" started-at="2017-07-23T13:30:21Z" description="Login to abof application and verify the tOAST MEESAGE" finished-at="2017-07-23T13:30:21Z">
          <reporter-output>
          </reporter-output>
        </test-method> <!-- verifYToastMessage -->
        <test-method status="SKIP" signature="teardown()[pri:0, instance:com.script.ToastMessage@343f4d3d]" name="teardown" is-config="true" duration-ms="0" started-at="2017-07-23T13:30:21Z" finished-at="2017-07-23T13:30:21Z">
          <reporter-output>
          </reporter-output>
        </test-method> <!-- teardown -->
      </class> <!-- com.script.ToastMessage -->
      <class name="com.script.FilterTest">
        <test-method status="PASS" signature="setup(java.lang.String, java.lang.String, java.lang.String, java.lang.String)[pri:0, instance:com.script.FilterTest@57baeedf]" name="setup" is-config="true" duration-ms="2269" started-at="2017-07-23T13:30:14Z" finished-at="2017-07-23T13:30:16Z">
          <params>
            <param index="0">
              <value>
                <![CDATA[4725]]>
              </value>
            </param>
            <param index="1">
              <value>
                <![CDATA[G5AXB727E236P4Z]]>
              </value>
            </param>
            <param index="2">
              <value>
                <![CDATA[6.0.1]]>
              </value>
            </param>
            <param index="3">
              <value>
                <![CDATA[G5AXB727E236P4Z]]>
              </value>
            </param>
          </params>
          <reporter-output>
          </reporter-output>
        </test-method> <!-- setup -->
        <test-method status="FAIL" signature="handleRadioButton()[pri:1, instance:com.script.FilterTest@57baeedf]" name="handleRadioButton" duration-ms="5032" started-at="2017-07-23T13:30:16Z" description="Login to aBOF APPLICATION AND handle radio button" finished-at="2017-07-23T13:30:21Z">
          <exception class="java.lang.NullPointerException">
            <full-stacktrace>
              <![CDATA[java.lang.NullPointerException
	at org.openqa.selenium.support.pagefactory.DefaultElementLocator.findElement(DefaultElementLocator.java:69)
	at org.openqa.selenium.support.pagefactory.internal.LocatingElementHandler.invoke(LocatingElementHandler.java:38)
	at com.sun.proxy.$Proxy6.click(Unknown Source)
	at com.script.FilterTest.handleRadioButton(FilterTest.java:44)
	at sun.reflect.NativeMethodAccessorImpl.invoke0(Native Method)
	at sun.reflect.NativeMethodAccessorImpl.invoke(NativeMethodAccessorImpl.java:62)
	at sun.reflect.DelegatingMethodAccessorImpl.invoke(DelegatingMethodAccessorImpl.java:43)
	at java.lang.reflect.Method.invoke(Method.java:498)
	at org.testng.internal.MethodInvocationHelper.invokeMethod(MethodInvocationHelper.java:85)
	at org.testng.internal.Invoker.invokeMethod(Invoker.java:639)
	at org.testng.internal.Invoker.invokeTestMethod(Invoker.java:816)
	at org.testng.internal.Invoker.invokeTestMethods(Invoker.java:1124)
	at org.testng.internal.TestMethodWorker.invokeTestMethods(TestMethodWorker.java:125)
	at org.testng.internal.TestMethodWorker.run(TestMethodWorker.java:108)
	at org.testng.TestRunner.privateRun(TestRunner.java:774)
	at org.testng.TestRunner.run(TestRunner.java:624)
	at org.testng.SuiteRunner.runTest(SuiteRunner.java:359)
	at org.testng.SuiteRunner.access$000(SuiteRunner.java:39)
	at org.testng.SuiteRunner$SuiteWorker.run(SuiteRunner.java:393)
	at org.testng.internal.thread.ThreadUtil$2.call(ThreadUtil.java:64)
	at java.util.concurrent.FutureTask.run(FutureTask.java:266)
	at java.util.concurrent.ThreadPoolExecutor.runWorker(ThreadPoolExecutor.java:1142)
	at java.util.concurrent.ThreadPoolExecutor$Worker.run(ThreadPoolExecutor.java:617)
	at java.lang.Thread.run(Thread.java:748)
]]>
            </full-stacktrace>
          </exception> <!-- java.lang.NullPointerException -->
          <reporter-output>
            <line>
              <![CDATA[STEP2]]>
            </line>
            <line>
              <![CDATA[STEP3]]>
            </line>
          </reporter-output>
        </test-method> <!-- handleRadioButton -->
        <test-method status="FAIL" signature="teardown()[pri:0, instance:com.script.FilterTest@57baeedf]" name="teardown" is-config="true" duration-ms="0" started-at="2017-07-23T13:30:21Z" finished-at="2017-07-23T13:30:21Z">
          <exception class="java.lang.NullPointerException">
            <full-stacktrace>
              <![CDATA[java.lang.NullPointerException
	at com.libarary.BaseClass.teardown(BaseClass.java:82)
	at sun.reflect.NativeMethodAccessorImpl.invoke0(Native Method)
	at sun.reflect.NativeMethodAccessorImpl.invoke(NativeMethodAccessorImpl.java:62)
	at sun.reflect.DelegatingMethodAccessorImpl.invoke(DelegatingMethodAccessorImpl.java:43)
	at java.lang.reflect.Method.invoke(Method.java:498)
	at org.testng.internal.MethodInvocationHelper.invokeMethod(MethodInvocationHelper.java:85)
	at org.testng.internal.Invoker.invokeConfigurationMethod(Invoker.java:510)
	at org.testng.internal.Invoker.invokeConfigurations(Invoker.java:211)
	at org.testng.internal.Invoker.invokeMethod(Invoker.java:703)
	at org.testng.internal.Invoker.invokeTestMethod(Invoker.java:816)
	at org.testng.internal.Invoker.invokeTestMethods(Invoker.java:1124)
	at org.testng.internal.TestMethodWorker.invokeTestMethods(TestMethodWorker.java:125)
	at org.testng.internal.TestMethodWorker.run(TestMethodWorker.java:108)
	at org.testng.TestRunner.privateRun(TestRunner.java:774)
	at org.testng.TestRunner.run(TestRunner.java:624)
	at org.testng.SuiteRunner.runTest(SuiteRunner.java:359)
	at org.testng.SuiteRunner.access$000(SuiteRunner.java:39)
	at org.testng.SuiteRunner$SuiteWorker.run(SuiteRunner.java:393)
	at org.testng.internal.thread.ThreadUtil$2.call(ThreadUtil.java:64)
	at java.util.concurrent.FutureTask.run(FutureTask.java:266)
	at java.util.concurrent.ThreadPoolExecutor.runWorker(ThreadPoolExecutor.java:1142)
	at java.util.concurrent.ThreadPoolExecutor$Worker.run(ThreadPoolExecutor.java:617)
	at java.lang.Thread.run(Thread.java:748)
]]>
            </full-stacktrace>
          </exception> <!-- java.lang.NullPointerException -->
          <reporter-output>
          </reporter-output>
        </test-method> <!-- teardown -->
      </class> <!-- com.script.FilterTest -->
    </test> <!-- Sanity2 -->
  </suite> <!-- Somke -->
</testng-results>
